Compiling the C compiler identification source file "CMakeCCompilerId.c" failed.
Compiler: C:/code/code/C99/gcc 
Build flags: 
Id flags:  

The output was:
%1 不是有效的 Win32 应用程序。


Compiling the C compiler identification source file "CMakeCCompilerId.c" failed.
Compiler: C:/code/code/C99/gcc 
Build flags: 
Id flags: -c 

The output was:
%1 不是有效的 Win32 应用程序。


Compiling the C compiler identification source file "CMakeCCompilerId.c" failed.
Compiler: C:/code/code/C99/gcc 
Build flags: 
Id flags: -Aa 

The output was:
%1 不是有效的 Win32 应用程序。


Compiling the C compiler identification source file "CMakeCCompilerId.c" failed.
Compiler: C:/code/code/C99/gcc 
Build flags: 
Id flags: -D__CLASSIC_C__ 

The output was:
%1 不是有效的 Win32 应用程序。


Compiling the C compiler identification source file "CMakeCCompilerId.c" failed.
Compiler: C:/code/code/C99/gcc 
Build flags: 
Id flags:  

The output was:
%1 不是有效的 Win32 应用程序。


Compiling the C compiler identification source file "CMakeCCompilerId.c" failed.
Compiler: C:/code/code/C99/gcc 
Build flags: 
Id flags: -c 

The output was:
%1 不是有效的 Win32 应用程序。


Compiling the C compiler identification source file "CMakeCCompilerId.c" failed.
Compiler: C:/code/code/C99/gcc 
Build flags: 
Id flags: -Aa 

The output was:
%1 不是有效的 Win32 应用程序。


Compiling the C compiler identification source file "CMakeCCompilerId.c" failed.
Compiler: C:/code/code/C99/gcc 
Build flags: 
Id flags: -D__CLASSIC_C__ 

The output was:
%1 不是有效的 Win32 应用程序。


Checking whether the C compiler is IAR using "" did not match "IAR .+ Compiler":
Checking whether the C compiler is IAR using "" did not match "IAR .+ Compiler":
